Compilación iniciada a las 25/02/2021 9:21:21.
     1>Proyecto "C:\Users\Andrea\Documents\Visual Studio 2010\Projects\Area de un circulo\Area de un circulo\Area de un circulo.vcxproj" en el nodo 2 (build destinos).
     1>InitializeBuildStatus:
         Se creará "Debug\Area de un circulo.unsuccessfulbuild" porque se especificó "AlwaysCreate".
       GenerateTargetFrameworkMonikerAttribute:
       Se omitirá el destino "GenerateTargetFrameworkMonikerAttribute" porque todos los archivos de salida están actualizados respecto a los archivos de entrada.
       ClCompile:
         Todas las salidas están actualizadas.
         C:\Program Files (x86)\Microsoft Visual Studio 10.0\VC\bin\CL.exe /c /AI"C:\Program Files (x86)\Reference Assemblies\Microsoft\Framework\.NETFramework\v4.0" /Zi /clr:pure /nologo /W3 /WX- /Od /Oy- /D WIN32 /D _DEBUG /D _UNICODE /D UNICODE /EHa /MDd /GS /fp:precise /Zc:wchar_t /Zc:forScope /Yu"StdAfx.h" /Fp"Debug\Area de un circulo.pch" /Fo"Debug\\" /Fd"Debug\vc100.pdb" /TP /FU"C:\Program Files (x86)\Reference Assemblies\Microsoft\Framework\.NETFramework\v4.0\System.Core.dll" /FU"C:\Program Files (x86)\Reference Assemblies\Microsoft\Framework\.NETFramework\v4.0\System.Data.dll" /FU"C:\Program Files (x86)\Reference Assemblies\Microsoft\Framework\.NETFramework\v4.0\System.dll" /FU"C:\Program Files (x86)\Reference Assemblies\Microsoft\Framework\.NETFramework\v4.0\System.Drawing.dll" /FU"C:\Program Files (x86)\Reference Assemblies\Microsoft\Framework\.NETFramework\v4.0\System.Windows.Forms.dll" /FU"C:\Program Files (x86)\Reference Assemblies\Microsoft\Framework\.NETFramework\v4.0\System.Xml.dll" /analyze- /errorReport:prompt "Area de un circulo.cpp" /clr:nostdlib 
         Area de un circulo.cpp
     1>c:\users\andrea\documents\visual studio 2010\projects\area de un circulo\area de un circulo\Form1.h(141): warning C4244: 'argumento' : conversión de 'double' a 'float'; posible pérdida de datos
         Todas las salidas están actualizadas.
       CoreResGen:
         "C:\Program Files (x86)\Microsoft SDKs\Windows\v7.0A\bin\NETFX 4.0 Tools\resgen.exe" /useSourcePath /r:"C:\Program Files (x86)\Reference Assemblies\Microsoft\Framework\.NETFramework\v4.0\System.Core.dll" /r:"C:\Program Files (x86)\Reference Assemblies\Microsoft\Framework\.NETFramework\v4.0\System.Data.dll" /r:"C:\Program Files (x86)\Reference Assemblies\Microsoft\Framework\.NETFramework\v4.0\System.dll" /r:"C:\Program Files (x86)\Reference Assemblies\Microsoft\Framework\.NETFramework\v4.0\System.Drawing.dll" /r:"C:\Program Files (x86)\Reference Assemblies\Microsoft\Framework\.NETFramework\v4.0\System.Windows.Forms.dll" /r:"C:\Program Files (x86)\Reference Assemblies\Microsoft\Framework\.NETFramework\v4.0\System.Xml.dll" /compile Form1.resX,Debug\Areadeuncirculo.Form1.resources
         Procesando archivo de recursos "Form1.resX" en "Debug\Areadeuncirculo.Form1.resources".
       ResourceCompile:
         Todas las salidas están actualizadas.
       Link:
         C:\Program Files (x86)\Microsoft Visual Studio 10.0\VC\bin\link.exe /ERRORREPORT:PROMPT /OUT:"C:\Users\Andrea\Documents\Visual Studio 2010\Projects\Area de un circulo\Debug\Area de un circulo.exe" /INCREMENTAL /NOLOGO /ASSEMBLYRESOURCE:Debug\Areadeuncirculo.Form1.resources /MANIFEST /ManifestFile:"Debug\Area de un circulo.exe.intermediate.manifest" /MANIFESTUAC:"level='asInvoker' uiAccess='false'" /DEBUG /PDB:"C:\Users\Andrea\Documents\Visual Studio 2010\Projects\Area de un circulo\Debug\Area de un circulo.pdb" /ASSEMBLYDEBUG /SUBSYSTEM:WINDOWS /TLBID:1 /ENTRY:"main" /DYNAMICBASE /FIXED:NO /NXCOMPAT /MACHINE:X86 Debug\app.res
         "Debug\Area de un circulo.obj"
         Debug\AssemblyInfo.obj
         Debug\Circulo.obj
         Debug\stdafx.obj
         "Debug\.NETFramework,Version=v4.0.AssemblyAttributes.obj"
         Area de un circulo.vcxproj -> C:\Users\Andrea\Documents\Visual Studio 2010\Projects\Area de un circulo\Debug\Area de un circulo.exe
       Manifest:
         C:\Program Files (x86)\Microsoft SDKs\Windows\v7.0A\bin\mt.exe /nologo /verbose /outputresource:"C:\Users\Andrea\Documents\Visual Studio 2010\Projects\Area de un circulo\Debug\Area de un circulo.exe;#1" /manifest "Debug\Area de un circulo.exe.intermediate.manifest"
       FinalizeBuildStatus:
         Se eliminará el archivo "Debug\Area de un circulo.unsuccessfulbuild".
         Aplicando tarea Touch a "Debug\Area de un circulo.lastbuildstate".
     1>Compilación del proyecto terminada "C:\Users\Andrea\Documents\Visual Studio 2010\Projects\Area de un circulo\Area de un circulo\Area de un circulo.vcxproj" (build destinos).

Compilación correcta.

Tiempo transcurrido 00:00:07.21
